{"/home/qwixo/js/frontend-project-46/src/gendiff.js": {"path":"/home/qwixo/js/frontend-project-46/src/gendiff.js","all":false,"statementMap":{"0":{"start":{"line":1,"column":0},"end":{"line":1,"column":25}},"1":{"start":{"line":2,"column":0},"end":{"line":2,"column":0}},"2":{"start":{"line":3,"column":0},"end":{"line":3,"column":18}},"3":{"start":{"line":4,"column":0},"end":{"line":4,"column":25}},"4":{"start":{"line":5,"column":0},"end":{"line":5,"column":19}},"5":{"start":{"line":6,"column":0},"end":{"line":6,"column":30}},"6":{"start":{"line":7,"column":0},"end":{"line":7,"column":20}},"7":{"start":{"line":8,"column":0},"end":{"line":8,"column":5}},"8":{"start":{"line":9,"column":0},"end":{"line":9,"column":0}},"9":{"start":{"line":10,"column":0},"end":{"line":10,"column":18}},"10":{"start":{"line":11,"column":0},"end":{"line":11,"column":19}},"11":{"start":{"line":12,"column":0},"end":{"line":12,"column":21}},"12":{"start":{"line":13,"column":0},"end":{"line":13,"column":24}},"13":{"start":{"line":14,"column":0},"end":{"line":14,"column":5}},"14":{"start":{"line":15,"column":0},"end":{"line":15,"column":0}},"15":{"start":{"line":16,"column":0},"end":{"line":16,"column":61}},"16":{"start":{"line":17,"column":0},"end":{"line":17,"column":22}},"17":{"start":{"line":18,"column":0},"end":{"line":18,"column":36}},"18":{"start":{"line":19,"column":0},"end":{"line":19,"column":64}},"19":{"start":{"line":20,"column":0},"end":{"line":20,"column":3}},"20":{"start":{"line":21,"column":0},"end":{"line":21,"column":21}},"21":{"start":{"line":22,"column":0},"end":{"line":22,"column":2}},"22":{"start":{"line":23,"column":0},"end":{"line":23,"column":0}},"23":{"start":{"line":24,"column":0},"end":{"line":24,"column":80}},"24":{"start":{"line":25,"column":0},"end":{"line":25,"column":67}},"25":{"start":{"line":26,"column":0},"end":{"line":26,"column":0}},"26":{"start":{"line":27,"column":0},"end":{"line":27,"column":61}},"27":{"start":{"line":28,"column":0},"end":{"line":28,"column":66}},"28":{"start":{"line":29,"column":0},"end":{"line":29,"column":0}},"29":{"start":{"line":30,"column":0},"end":{"line":30,"column":32}},"30":{"start":{"line":31,"column":0},"end":{"line":31,"column":58}},"31":{"start":{"line":32,"column":0},"end":{"line":32,"column":41}},"32":{"start":{"line":33,"column":0},"end":{"line":33,"column":36}},"33":{"start":{"line":34,"column":0},"end":{"line":34,"column":15}},"34":{"start":{"line":35,"column":0},"end":{"line":35,"column":5}},"35":{"start":{"line":36,"column":0},"end":{"line":36,"column":0}},"36":{"start":{"line":37,"column":0},"end":{"line":37,"column":74}},"37":{"start":{"line":38,"column":0},"end":{"line":38,"column":25}},"38":{"start":{"line":39,"column":0},"end":{"line":39,"column":0}},"39":{"start":{"line":40,"column":0},"end":{"line":40,"column":29}},"40":{"start":{"line":41,"column":0},"end":{"line":41,"column":23}},"41":{"start":{"line":42,"column":0},"end":{"line":42,"column":23}},"42":{"start":{"line":43,"column":0},"end":{"line":43,"column":57}},"43":{"start":{"line":44,"column":0},"end":{"line":44,"column":10}},"44":{"start":{"line":45,"column":0},"end":{"line":45,"column":14}},"45":{"start":{"line":46,"column":0},"end":{"line":46,"column":23}},"46":{"start":{"line":47,"column":0},"end":{"line":47,"column":23}},"47":{"start":{"line":48,"column":0},"end":{"line":48,"column":92}},"48":{"start":{"line":49,"column":0},"end":{"line":49,"column":10}},"49":{"start":{"line":50,"column":0},"end":{"line":50,"column":14}},"50":{"start":{"line":51,"column":0},"end":{"line":51,"column":21}},"51":{"start":{"line":52,"column":0},"end":{"line":52,"column":23}},"52":{"start":{"line":53,"column":0},"end":{"line":53,"column":69}},"53":{"start":{"line":54,"column":0},"end":{"line":54,"column":10}},"54":{"start":{"line":55,"column":0},"end":{"line":55,"column":14}},"55":{"start":{"line":56,"column":0},"end":{"line":56,"column":14}},"56":{"start":{"line":57,"column":0},"end":{"line":57,"column":14}},"57":{"start":{"line":58,"column":0},"end":{"line":58,"column":5}},"58":{"start":{"line":59,"column":0},"end":{"line":59,"column":0}},"59":{"start":{"line":60,"column":0},"end":{"line":60,"column":27}},"60":{"start":{"line":61,"column":0},"end":{"line":61,"column":26}},"61":{"start":{"line":62,"column":0},"end":{"line":62,"column":39}},"62":{"start":{"line":63,"column":0},"end":{"line":63,"column":0}},"63":{"start":{"line":64,"column":0},"end":{"line":64,"column":42}},"64":{"start":{"line":65,"column":0},"end":{"line":65,"column":83}},"65":{"start":{"line":66,"column":0},"end":{"line":66,"column":17}},"66":{"start":{"line":67,"column":0},"end":{"line":67,"column":94}},"67":{"start":{"line":68,"column":0},"end":{"line":68,"column":10}},"68":{"start":{"line":69,"column":0},"end":{"line":69,"column":0}},"69":{"start":{"line":70,"column":0},"end":{"line":70,"column":15}},"70":{"start":{"line":71,"column":0},"end":{"line":71,"column":70}},"71":{"start":{"line":72,"column":0},"end":{"line":72,"column":8}},"72":{"start":{"line":73,"column":0},"end":{"line":73,"column":0}},"73":{"start":{"line":74,"column":0},"end":{"line":74,"column":36}},"74":{"start":{"line":75,"column":0},"end":{"line":75,"column":3}},"75":{"start":{"line":76,"column":0},"end":{"line":76,"column":0}},"76":{"start":{"line":77,"column":0},"end":{"line":77,"column":85}},"77":{"start":{"line":78,"column":0},"end":{"line":78,"column":0}},"78":{"start":{"line":79,"column":0},"end":{"line":79,"column":16}},"79":{"start":{"line":80,"column":0},"end":{"line":80,"column":2}},"80":{"start":{"line":81,"column":0},"end":{"line":81,"column":0}},"81":{"start":{"line":82,"column":0},"end":{"line":82,"column":28}},"82":{"start":{"line":83,"column":0},"end":{"line":83,"column":43}},"83":{"start":{"line":84,"column":0},"end":{"line":84,"column":66}},"84":{"start":{"line":85,"column":0},"end":{"line":85,"column":0}},"85":{"start":{"line":86,"column":0},"end":{"line":86,"column":11}},"86":{"start":{"line":87,"column":0},"end":{"line":87,"column":0}},"87":{"start":{"line":88,"column":0},"end":{"line":88,"column":22}},"88":{"start":{"line":89,"column":0},"end":{"line":89,"column":16}},"89":{"start":{"line":90,"column":0},"end":{"line":90,"column":47}},"90":{"start":{"line":91,"column":0},"end":{"line":91,"column":12}},"91":{"start":{"line":92,"column":0},"end":{"line":92,"column":12}},"92":{"start":{"line":93,"column":0},"end":{"line":93,"column":47}},"93":{"start":{"line":94,"column":0},"end":{"line":94,"column":3}},"94":{"start":{"line":95,"column":0},"end":{"line":95,"column":0}},"95":{"start":{"line":96,"column":0},"end":{"line":96,"column":14}},"96":{"start":{"line":97,"column":0},"end":{"line":97,"column":2}},"97":{"start":{"line":98,"column":0},"end":{"line":98,"column":0}},"98":{"start":{"line":99,"column":0},"end":{"line":99,"column":43}},"99":{"start":{"line":100,"column":0},"end":{"line":100,"column":36}},"100":{"start":{"line":101,"column":0},"end":{"line":101,"column":36}},"101":{"start":{"line":102,"column":0},"end":{"line":102,"column":0}},"102":{"start":{"line":103,"column":0},"end":{"line":103,"column":58}},"103":{"start":{"line":104,"column":0},"end":{"line":104,"column":0}},"104":{"start":{"line":105,"column":0},"end":{"line":105,"column":36}},"105":{"start":{"line":106,"column":0},"end":{"line":106,"column":21}},"106":{"start":{"line":107,"column":0},"end":{"line":107,"column":39}},"107":{"start":{"line":108,"column":0},"end":{"line":108,"column":39}},"108":{"start":{"line":109,"column":0},"end":{"line":109,"column":24}},"109":{"start":{"line":110,"column":0},"end":{"line":110,"column":18}},"110":{"start":{"line":111,"column":0},"end":{"line":111,"column":7}},"111":{"start":{"line":112,"column":0},"end":{"line":112,"column":24}},"112":{"start":{"line":113,"column":0},"end":{"line":113,"column":17}},"113":{"start":{"line":114,"column":0},"end":{"line":114,"column":7}},"114":{"start":{"line":115,"column":0},"end":{"line":115,"column":15}},"115":{"start":{"line":116,"column":0},"end":{"line":116,"column":6}},"116":{"start":{"line":117,"column":0},"end":{"line":117,"column":20}},"117":{"start":{"line":118,"column":0},"end":{"line":118,"column":37}},"118":{"start":{"line":119,"column":0},"end":{"line":119,"column":20}},"119":{"start":{"line":120,"column":0},"end":{"line":120,"column":25}},"120":{"start":{"line":121,"column":0},"end":{"line":121,"column":25}},"121":{"start":{"line":122,"column":0},"end":{"line":122,"column":50}},"122":{"start":{"line":123,"column":0},"end":{"line":123,"column":16}},"123":{"start":{"line":124,"column":0},"end":{"line":124,"column":26}},"124":{"start":{"line":125,"column":0},"end":{"line":125,"column":50}},"125":{"start":{"line":126,"column":0},"end":{"line":126,"column":16}},"126":{"start":{"line":127,"column":0},"end":{"line":127,"column":29}},"127":{"start":{"line":128,"column":0},"end":{"line":128,"column":88}},"128":{"start":{"line":129,"column":0},"end":{"line":129,"column":16}},"129":{"start":{"line":130,"column":0},"end":{"line":130,"column":24}},"130":{"start":{"line":131,"column":0},"end":{"line":131,"column":50}},"131":{"start":{"line":132,"column":0},"end":{"line":132,"column":16}},"132":{"start":{"line":133,"column":0},"end":{"line":133,"column":16}},"133":{"start":{"line":134,"column":0},"end":{"line":134,"column":16}},"134":{"start":{"line":135,"column":0},"end":{"line":135,"column":7}},"135":{"start":{"line":136,"column":0},"end":{"line":136,"column":23}},"136":{"start":{"line":137,"column":0},"end":{"line":137,"column":7}},"137":{"start":{"line":138,"column":0},"end":{"line":138,"column":0}},"138":{"start":{"line":139,"column":0},"end":{"line":139,"column":44}},"139":{"start":{"line":140,"column":0},"end":{"line":140,"column":38}},"140":{"start":{"line":141,"column":0},"end":{"line":141,"column":2}},"141":{"start":{"line":142,"column":0},"end":{"line":142,"column":0}},"142":{"start":{"line":143,"column":0},"end":{"line":143,"column":31}}},"s":{"0":1,"1":1,"2":1,"3":1,"4":1,"5":1,"6":1,"7":1,"8":1,"9":1,"10":1,"11":1,"12":1,"13":1,"14":1,"15":1,"16":5,"17":2,"18":2,"19":2,"20":3,"21":3,"22":1,"23":1,"24":2,"25":2,"26":2,"27":2,"28":2,"29":2,"30":2,"31":7,"32":2,"33":2,"34":2,"35":5,"36":5,"37":5,"38":5,"39":5,"40":7,"41":3,"42":3,"43":3,"44":3,"45":7,"46":1,"47":1,"48":1,"49":1,"50":7,"51":1,"52":1,"53":1,"54":1,"55":7,"56":0,"57":5,"58":5,"59":5,"60":5,"61":5,"62":5,"63":5,"64":5,"65":5,"66":5,"67":5,"68":5,"69":5,"70":5,"71":5,"72":5,"73":5,"74":5,"75":2,"76":2,"77":2,"78":2,"79":2,"80":1,"81":1,"82":2,"83":2,"84":2,"85":2,"86":2,"87":2,"88":2,"89":2,"90":2,"91":2,"92":0,"93":2,"94":2,"95":2,"96":2,"97":1,"98":1,"99":1,"100":1,"101":1,"102":1,"103":1,"104":1,"105":1,"106":8,"107":8,"108":8,"109":4,"110":4,"111":4,"112":4,"113":4,"114":0,"115":1,"116":1,"117":5,"118":5,"119":5,"120":5,"121":2,"122":2,"123":5,"124":1,"125":1,"126":5,"127":1,"128":1,"129":5,"130":1,"131":1,"132":5,"133":0,"134":5,"135":5,"136":1,"137":1,"138":1,"139":1,"140":1,"141":1,"142":1},"branchMap":{"0":{"type":"branch","line":16,"loc":{"start":{"line":16,"column":31},"end":{"line":22,"column":2}},"locations":[{"start":{"line":16,"column":31},"end":{"line":22,"column":2}}]},"1":{"type":"branch","line":17,"loc":{"start":{"line":17,"column":21},"end":{"line":20,"column":3}},"locations":[{"start":{"line":17,"column":21},"end":{"line":20,"column":3}}]},"2":{"type":"branch","line":19,"loc":{"start":{"line":19,"column":37},"end":{"line":19,"column":49}},"locations":[{"start":{"line":19,"column":37},"end":{"line":19,"column":49}}]},"3":{"type":"branch","line":19,"loc":{"start":{"line":19,"column":49},"end":{"line":19,"column":63}},"locations":[{"start":{"line":19,"column":49},"end":{"line":19,"column":63}}]},"4":{"type":"branch","line":20,"loc":{"start":{"line":20,"column":2},"end":{"line":22,"column":2}},"locations":[{"start":{"line":20,"column":2},"end":{"line":22,"column":2}}]},"5":{"type":"branch","line":24,"loc":{"start":{"line":24,"column":23},"end":{"line":80,"column":2}},"locations":[{"start":{"line":24,"column":23},"end":{"line":80,"column":2}}]},"6":{"type":"branch","line":25,"loc":{"start":{"line":25,"column":33},"end":{"line":25,"column":47}},"locations":[{"start":{"line":25,"column":33},"end":{"line":25,"column":47}}]},"7":{"type":"branch","line":25,"loc":{"start":{"line":25,"column":47},"end":{"line":25,"column":66}},"locations":[{"start":{"line":25,"column":47},"end":{"line":25,"column":66}}]},"8":{"type":"branch","line":28,"loc":{"start":{"line":28,"column":36},"end":{"line":28,"column":51}},"locations":[{"start":{"line":28,"column":36},"end":{"line":28,"column":51}}]},"9":{"type":"branch","line":28,"loc":{"start":{"line":28,"column":51},"end":{"line":28,"column":65}},"locations":[{"start":{"line":28,"column":51},"end":{"line":28,"column":65}}]},"10":{"type":"branch","line":31,"loc":{"start":{"line":31,"column":57},"end":{"line":75,"column":3}},"locations":[{"start":{"line":31,"column":57},"end":{"line":75,"column":3}}]},"11":{"type":"branch","line":32,"loc":{"start":{"line":32,"column":40},"end":{"line":35,"column":5}},"locations":[{"start":{"line":32,"column":40},"end":{"line":35,"column":5}}]},"12":{"type":"branch","line":35,"loc":{"start":{"line":35,"column":4},"end":{"line":41,"column":11}},"locations":[{"start":{"line":35,"column":4},"end":{"line":41,"column":11}}]},"13":{"type":"branch","line":41,"loc":{"start":{"line":41,"column":6},"end":{"line":45,"column":14}},"locations":[{"start":{"line":41,"column":6},"end":{"line":45,"column":14}}]},"14":{"type":"branch","line":46,"loc":{"start":{"line":46,"column":6},"end":{"line":50,"column":14}},"locations":[{"start":{"line":46,"column":6},"end":{"line":50,"column":14}}]},"15":{"type":"branch","line":51,"loc":{"start":{"line":51,"column":6},"end":{"line":55,"column":14}},"locations":[{"start":{"line":51,"column":6},"end":{"line":55,"column":14}}]},"16":{"type":"branch","line":56,"loc":{"start":{"line":56,"column":6},"end":{"line":57,"column":14}},"locations":[{"start":{"line":56,"column":6},"end":{"line":57,"column":14}}]},"17":{"type":"branch","line":58,"loc":{"start":{"line":58,"column":-1},"end":{"line":75,"column":3}},"locations":[{"start":{"line":58,"column":-1},"end":{"line":75,"column":3}}]},"18":{"type":"branch","line":77,"loc":{"start":{"line":77,"column":34},"end":{"line":77,"column":41}},"locations":[{"start":{"line":77,"column":34},"end":{"line":77,"column":41}}]},"19":{"type":"branch","line":77,"loc":{"start":{"line":77,"column":41},"end":{"line":77,"column":84}},"locations":[{"start":{"line":77,"column":41},"end":{"line":77,"column":84}}]},"20":{"type":"branch","line":27,"loc":{"start":{"line":27,"column":42},"end":{"line":27,"column":59}},"locations":[{"start":{"line":27,"column":42},"end":{"line":27,"column":59}}]},"21":{"type":"branch","line":82,"loc":{"start":{"line":82,"column":18},"end":{"line":97,"column":2}},"locations":[{"start":{"line":82,"column":18},"end":{"line":97,"column":2}}]},"22":{"type":"branch","line":92,"loc":{"start":{"line":92,"column":4},"end":{"line":93,"column":47}},"locations":[{"start":{"line":92,"column":4},"end":{"line":93,"column":47}}]},"23":{"type":"branch","line":99,"loc":{"start":{"line":99,"column":24},"end":{"line":141,"column":2}},"locations":[{"start":{"line":99,"column":24},"end":{"line":141,"column":2}}]},"24":{"type":"branch","line":106,"loc":{"start":{"line":106,"column":10},"end":{"line":116,"column":5}},"locations":[{"start":{"line":106,"column":10},"end":{"line":116,"column":5}}]},"25":{"type":"branch","line":109,"loc":{"start":{"line":109,"column":23},"end":{"line":114,"column":7}},"locations":[{"start":{"line":109,"column":23},"end":{"line":114,"column":7}}]},"26":{"type":"branch","line":114,"loc":{"start":{"line":114,"column":6},"end":{"line":116,"column":5}},"locations":[{"start":{"line":114,"column":6},"end":{"line":116,"column":5}}]},"27":{"type":"branch","line":117,"loc":{"start":{"line":117,"column":10},"end":{"line":137,"column":5}},"locations":[{"start":{"line":117,"column":10},"end":{"line":137,"column":5}}]},"28":{"type":"branch","line":121,"loc":{"start":{"line":121,"column":8},"end":{"line":123,"column":16}},"locations":[{"start":{"line":121,"column":8},"end":{"line":123,"column":16}}]},"29":{"type":"branch","line":124,"loc":{"start":{"line":124,"column":8},"end":{"line":126,"column":16}},"locations":[{"start":{"line":124,"column":8},"end":{"line":126,"column":16}}]},"30":{"type":"branch","line":127,"loc":{"start":{"line":127,"column":8},"end":{"line":129,"column":16}},"locations":[{"start":{"line":127,"column":8},"end":{"line":129,"column":16}}]},"31":{"type":"branch","line":130,"loc":{"start":{"line":130,"column":8},"end":{"line":132,"column":16}},"locations":[{"start":{"line":130,"column":8},"end":{"line":132,"column":16}}]},"32":{"type":"branch","line":133,"loc":{"start":{"line":133,"column":8},"end":{"line":134,"column":16}},"locations":[{"start":{"line":133,"column":8},"end":{"line":134,"column":16}}]}},"b":{"0":[5],"1":[2],"2":[1],"3":[1],"4":[3],"5":[2],"6":[1],"7":[1],"8":[1],"9":[1],"10":[7],"11":[2],"12":[5],"13":[3],"14":[1],"15":[1],"16":[0],"17":[5],"18":[1],"19":[1],"20":[4],"21":[2],"22":[0],"23":[1],"24":[8],"25":[4],"26":[0],"27":[5],"28":[2],"29":[1],"30":[1],"31":[1],"32":[0]},"fnMap":{"0":{"name":"checkPresenceSecondKey","decl":{"start":{"line":16,"column":31},"end":{"line":22,"column":2}},"loc":{"start":{"line":16,"column":31},"end":{"line":22,"column":2}},"line":16},"1":{"name":"makeDiffObject","decl":{"start":{"line":24,"column":23},"end":{"line":80,"column":2}},"loc":{"start":{"line":24,"column":23},"end":{"line":80,"column":2}},"line":24},"2":{"name":"takeData","decl":{"start":{"line":82,"column":18},"end":{"line":97,"column":2}},"loc":{"start":{"line":82,"column":18},"end":{"line":97,"column":2}},"line":82},"3":{"name":"makeConsoleDiff","decl":{"start":{"line":99,"column":24},"end":{"line":141,"column":2}},"loc":{"start":{"line":99,"column":24},"end":{"line":141,"column":2}},"line":99}},"f":{"0":5,"1":2,"2":2,"3":1}}
}
