TN:
SF:src/gendiff.js
FN:16,checkPresenceSecondKey
FN:24,makeDiffObject
FN:82,takeData
FN:99,makeConsoleDiff
FNF:4
FNH:4
FNDA:5,checkPresenceSecondKey
FNDA:2,makeDiffObject
FNDA:2,takeData
FNDA:1,makeConsoleDiff
DA:1,1
DA:2,1
DA:3,1
DA:4,1
DA:5,1
DA:6,1
DA:7,1
DA:8,1
DA:9,1
DA:10,1
DA:11,1
DA:12,1
DA:13,1
DA:14,1
DA:15,1
DA:16,1
DA:17,5
DA:18,2
DA:19,2
DA:20,2
DA:21,3
DA:22,3
DA:23,1
DA:24,1
DA:25,2
DA:26,2
DA:27,2
DA:28,2
DA:29,2
DA:30,2
DA:31,2
DA:32,7
DA:33,2
DA:34,2
DA:35,2
DA:36,5
DA:37,5
DA:38,5
DA:39,5
DA:40,5
DA:41,7
DA:42,3
DA:43,3
DA:44,3
DA:45,3
DA:46,7
DA:47,1
DA:48,1
DA:49,1
DA:50,1
DA:51,7
DA:52,1
DA:53,1
DA:54,1
DA:55,1
DA:56,7
DA:57,0
DA:58,5
DA:59,5
DA:60,5
DA:61,5
DA:62,5
DA:63,5
DA:64,5
DA:65,5
DA:66,5
DA:67,5
DA:68,5
DA:69,5
DA:70,5
DA:71,5
DA:72,5
DA:73,5
DA:74,5
DA:75,5
DA:76,2
DA:77,2
DA:78,2
DA:79,2
DA:80,2
DA:81,1
DA:82,1
DA:83,2
DA:84,2
DA:85,2
DA:86,2
DA:87,2
DA:88,2
DA:89,2
DA:90,2
DA:91,2
DA:92,2
DA:93,0
DA:94,2
DA:95,2
DA:96,2
DA:97,2
DA:98,1
DA:99,1
DA:100,1
DA:101,1
DA:102,1
DA:103,1
DA:104,1
DA:105,1
DA:106,1
DA:107,8
DA:108,8
DA:109,8
DA:110,4
DA:111,4
DA:112,4
DA:113,4
DA:114,4
DA:115,0
DA:116,1
DA:117,1
DA:118,5
DA:119,5
DA:120,5
DA:121,5
DA:122,2
DA:123,2
DA:124,5
DA:125,1
DA:126,1
DA:127,5
DA:128,1
DA:129,1
DA:130,5
DA:131,1
DA:132,1
DA:133,5
DA:134,0
DA:135,5
DA:136,5
DA:137,1
DA:138,1
DA:139,1
DA:140,1
DA:141,1
DA:142,1
DA:143,1
LF:143
LH:139
BRDA:16,0,0,5
BRDA:17,1,0,2
BRDA:19,2,0,1
BRDA:19,3,0,1
BRDA:20,4,0,3
BRDA:24,5,0,2
BRDA:25,6,0,1
BRDA:25,7,0,1
BRDA:28,8,0,1
BRDA:28,9,0,1
BRDA:31,10,0,7
BRDA:32,11,0,2
BRDA:35,12,0,5
BRDA:41,13,0,3
BRDA:46,14,0,1
BRDA:51,15,0,1
BRDA:56,16,0,0
BRDA:58,17,0,5
BRDA:77,18,0,1
BRDA:77,19,0,1
BRDA:27,20,0,4
BRDA:82,21,0,2
BRDA:92,22,0,0
BRDA:99,23,0,1
BRDA:106,24,0,8
BRDA:109,25,0,4
BRDA:114,26,0,0
BRDA:117,27,0,5
BRDA:121,28,0,2
BRDA:124,29,0,1
BRDA:127,30,0,1
BRDA:130,31,0,1
BRDA:133,32,0,0
BRF:33
BRH:29
end_of_record
